  [1m[36m (8.8ms)[0m  [1mCREATE TABLE "schema_migrations" ("version" varchar NOT NULL) [0m
  [1m[35m (0.1ms)[0m  select sqlite_version(*)
  [1m[36m (4.3ms)[0m  [1mCREATE UNIQUE INDEX "unique_schema_migrations" ON "schema_migrations" ("version")[0m
  [1m[35mActiveRecord::SchemaMigration Load (0.1ms)[0m  SELECT "schema_migrations".* FROM "schema_migrations"
Migrating to CreateProducts (20150401204254)
  [1m[36m (0.1ms)[0m  [1mbegin transaction[0m
  [1m[35m (0.4ms)[0m  CREATE TABLE "products" ("id" INTEGER PRIMARY KEY AUTOINCREMENT NOT NULL, "created_at" datetime NOT NULL, "updated_at" datetime NOT NULL) 
  [1m[36mSQL (0.2ms)[0m  [1mINSERT INTO "schema_migrations" ("version") VALUES (?)[0m  [["version", "20150401204254"]]
  [1m[35m (6.5ms)[0m  commit transaction
  [1m[36mActiveRecord::SchemaMigration Load (0.1ms)[0m  [1mSELECT "schema_migrations".* FROM "schema_migrations"[0m
  [1m[36mActiveRecord::SchemaMigration Load (0.1ms)[0m  [1mSELECT "schema_migrations".* FROM "schema_migrations"[0m
  [1m[36m (9.1ms)[0m  [1mCREATE TABLE "products" ("id" INTEGER PRIMARY KEY AUTOINCREMENT NOT NULL, "created_at" datetime NOT NULL, "updated_at" datetime NOT NULL) [0m
  [1m[35m (3.7ms)[0m  CREATE TABLE "schema_migrations" ("version" varchar NOT NULL) 
  [1m[36m (0.1ms)[0m  [1mselect sqlite_version(*)[0m
  [1m[35m (3.9ms)[0m  CREATE UNIQUE INDEX "unique_schema_migrations" ON "schema_migrations" ("version")
  [1m[36m (0.1ms)[0m  [1mSELECT version FROM "schema_migrations"[0m
  [1m[35m (5.1ms)[0m  INSERT INTO "schema_migrations" (version) VALUES ('20150401204254')
  [1m[36m (8.0ms)[0m  [1mCREATE TABLE "schema_migrations" ("version" varchar NOT NULL) [0m
  [1m[35m (0.1ms)[0m  select sqlite_version(*)
  [1m[36m (4.0ms)[0m  [1mCREATE UNIQUE INDEX "unique_schema_migrations" ON "schema_migrations" ("version")[0m
  [1m[35mActiveRecord::SchemaMigration Load (0.1ms)[0m  SELECT "schema_migrations".* FROM "schema_migrations"
Migrating to CreateCourses (20150401204517)
  [1m[36m (0.1ms)[0m  [1mbegin transaction[0m
  [1m[35m (0.4ms)[0m  CREATE TABLE "courses" ("id" INTEGER PRIMARY KEY AUTOINCREMENT NOT NULL, "created_at" datetime NOT NULL, "updated_at" datetime NOT NULL) 
  [1m[36mSQL (0.2ms)[0m  [1mINSERT INTO "schema_migrations" ("version") VALUES (?)[0m  [["version", "20150401204517"]]
  [1m[35m (5.9ms)[0m  commit transaction
  [1m[36mActiveRecord::SchemaMigration Load (0.1ms)[0m  [1mSELECT "schema_migrations".* FROM "schema_migrations"[0m
  [1m[36mActiveRecord::SchemaMigration Load (0.1ms)[0m  [1mSELECT "schema_migrations".* FROM "schema_migrations"[0m
  [1m[36m (63.0ms)[0m  [1mCREATE TABLE "courses" ("id" INTEGER PRIMARY KEY AUTOINCREMENT NOT NULL, "created_at" datetime NOT NULL, "updated_at" datetime NOT NULL) [0m
  [1m[35m (4.6ms)[0m  CREATE TABLE "schema_migrations" ("version" varchar NOT NULL) 
  [1m[36m (0.1ms)[0m  [1mselect sqlite_version(*)[0m
  [1m[35m (5.3ms)[0m  CREATE UNIQUE INDEX "unique_schema_migrations" ON "schema_migrations" ("version")
  [1m[36m (0.1ms)[0m  [1mSELECT version FROM "schema_migrations"[0m
  [1m[35m (5.1ms)[0m  INSERT INTO "schema_migrations" (version) VALUES ('20150401204517')
  [1m[36mActiveRecord::SchemaMigration Load (0.1ms)[0m  [1mSELECT "schema_migrations".* FROM "schema_migrations"[0m
  [1m[35mActiveRecord::SchemaMigration Load (0.1ms)[0m  SELECT "schema_migrations".* FROM "schema_migrations"
  [1m[36mActiveRecord::SchemaMigration Load (0.1ms)[0m  [1mSELECT "schema_migrations".* FROM "schema_migrations"[0m
  [1m[35mSQL (7.6ms)[0m  DELETE FROM "courses"
  [1m[36mActiveRecord::SchemaMigration Load (0.1ms)[0m  [1mSELECT "schema_migrations".* FROM "schema_migrations"[0m
  [1m[35mActiveRecord::SchemaMigration Load (0.1ms)[0m  SELECT "schema_migrations".* FROM "schema_migrations"
  [1m[36mActiveRecord::SchemaMigration Load (0.1ms)[0m  [1mSELECT "schema_migrations".* FROM "schema_migrations"[0m
  [1m[35mSQL (6.6ms)[0m  DELETE FROM "courses"
  [1m[36mActiveRecord::SchemaMigration Load (0.1ms)[0m  [1mSELECT "schema_migrations".* FROM "schema_migrations"[0m
  [1m[35mActiveRecord::SchemaMigration Load (0.1ms)[0m  SELECT "schema_migrations".* FROM "schema_migrations"
  [1m[36mActiveRecord::SchemaMigration Load (0.1ms)[0m  [1mSELECT "schema_migrations".* FROM "schema_migrations"[0m
  [1m[35mSQL (36.3ms)[0m  DELETE FROM "courses"


Started GET "/" for 127.0.0.1 at 2015-04-01 19:25:59 -0400
  [1m[36mActiveRecord::SchemaMigration Load (0.0ms)[0m  [1mSELECT "schema_migrations".* FROM "schema_migrations"[0m

ActionController::RoutingError (uninitialized constant ApplicationController):
  app/controllers/courses_controller.rb:1:in `<top (required)>'


  Rendered /home/csvm/.rvm/gems/ruby-2.2.0/gems/web-console-2.0.0/lib/action_dispatch/templates/rescues/_trace.html.erb (2.8ms)
  Rendered /home/csvm/.rvm/gems/ruby-2.2.0/gems/web-console-2.0.0/lib/action_dispatch/templates/routes/_route.html.erb (1.2ms)
  Rendered /home/csvm/.rvm/gems/ruby-2.2.0/gems/web-console-2.0.0/lib/action_dispatch/templates/routes/_table.html.erb (6.6ms)
  Rendered /home/csvm/.rvm/gems/ruby-2.2.0/gems/web-console-2.0.0/lib/action_dispatch/templates/rescues/_request_and_response.html.erb (19.5ms)
  Rendered /home/csvm/.rvm/gems/ruby-2.2.0/gems/web-console-2.0.0/lib/action_dispatch/templates/rescues/_web_console.html.erb (4.2ms)
  Rendered /home/csvm/.rvm/gems/ruby-2.2.0/gems/web-console-2.0.0/lib/action_dispatch/templates/rescues/routing_error.html.erb within rescues/layout (116.6ms)


Started GET "/" for 127.0.0.1 at 2015-04-01 19:36:16 -0400
Processing by CoursesController#index as HTML
  Rendered courses/index.html.haml (11.7ms)
Completed 500 Internal Server Error in 23ms

ActionView::Template::Error (Inconsistent indentation: 1 tab used for indentation, but the rest of the document was indented using 2 spaces.):
    20:     -@courses.each do |p|
    21:       %tr
    22:         %td= p.crn
    23: 	%td= link_to "#{p.course_name}", course_path(p)
    24: 	%td= p.title
    25: 	%td= p.instructor
    26: 	%td= p.days
  app/views/courses/index.html.haml:23


  Rendered /home/csvm/.rvm/gems/ruby-2.2.0/gems/web-console-2.0.0/lib/action_dispatch/templates/rescues/_source.erb (11.7ms)
  Rendered /home/csvm/.rvm/gems/ruby-2.2.0/gems/web-console-2.0.0/lib/action_dispatch/templates/rescues/_trace.html.erb (3.7ms)
  Rendered /home/csvm/.rvm/gems/ruby-2.2.0/gems/web-console-2.0.0/lib/action_dispatch/templates/rescues/_request_and_response.html.erb (1.8ms)
  Rendered /home/csvm/.rvm/gems/ruby-2.2.0/gems/web-console-2.0.0/lib/action_dispatch/templates/rescues/_web_console.html.erb (3.9ms)
  Rendered /home/csvm/.rvm/gems/ruby-2.2.0/gems/web-console-2.0.0/lib/action_dispatch/templates/rescues/template_error.html.erb within rescues/layout (46.9ms)


Started GET "/" for 127.0.0.1 at 2015-04-01 19:38:02 -0400
Processing by CoursesController#index as HTML
  Rendered courses/index.html.haml (9.3ms)
Completed 500 Internal Server Error in 19ms

SyntaxError (/home/csvm/Project/course_scheduler/app/views/courses/index.html.haml:36: syntax error, unexpected keyword_ensure, expecting keyword_end
...:Util.html_safe(_erbout);ensure;@haml_buffer = @haml_buffer....
...                               ^
/home/csvm/Project/course_scheduler/app/views/courses/index.html.haml:39: syntax error, unexpected end-of-input, expecting keyword_end):
  app/views/courses/index.html.haml:36: syntax error, unexpected keyword_ensure, expecting keyword_end
  app/views/courses/index.html.haml:39: syntax error, unexpected end-of-input, expecting keyword_end


  Rendered /home/csvm/.rvm/gems/ruby-2.2.0/gems/web-console-2.0.0/lib/action_dispatch/templates/rescues/_source.erb (8.2ms)
  Rendered /home/csvm/.rvm/gems/ruby-2.2.0/gems/web-console-2.0.0/lib/action_dispatch/templates/rescues/_trace.html.erb (4.7ms)
  Rendered /home/csvm/.rvm/gems/ruby-2.2.0/gems/web-console-2.0.0/lib/action_dispatch/templates/rescues/_request_and_response.html.erb (1.0ms)
  Rendered /home/csvm/.rvm/gems/ruby-2.2.0/gems/web-console-2.0.0/lib/action_dispatch/templates/rescues/_web_console.html.erb (1.3ms)
  Rendered /home/csvm/.rvm/gems/ruby-2.2.0/gems/web-console-2.0.0/lib/action_dispatch/templates/rescues/diagnostics.html.erb within rescues/layout (37.8ms)


Started GET "/" for 127.0.0.1 at 2015-04-01 19:40:31 -0400
Processing by CoursesController#index as HTML
  Rendered courses/index.html.haml (11.2ms)
Completed 500 Internal Server Error in 14ms

ActionView::Template::Error (uninitialized constant ActionView::CompiledTemplates::Days):
     7:       %th= link_to "Course Name", courses_path(sort: 'course_name')
     8:       %th= link_to "Title", courses_path(sort: 'title')
     9:       %th= link_to "Instructor", courses_path(sort: 'instructor')
    10:       %th= Days
    11:       %th= link_to "Starts", courses_path(sort: 'starts')
    12:       %th= Ends
    13:       %th= Building/Room
  app/views/courses/index.html.haml:10:in `_app_views_courses_index_html_haml__462229408_87126040'


  Rendered /home/csvm/.rvm/gems/ruby-2.2.0/gems/web-console-2.0.0/lib/action_dispatch/templates/rescues/_source.erb (10.3ms)
  Rendered /home/csvm/.rvm/gems/ruby-2.2.0/gems/web-console-2.0.0/lib/action_dispatch/templates/rescues/_trace.html.erb (3.0ms)
  Rendered /home/csvm/.rvm/gems/ruby-2.2.0/gems/web-console-2.0.0/lib/action_dispatch/templates/rescues/_request_and_response.html.erb (1.0ms)
  Rendered /home/csvm/.rvm/gems/ruby-2.2.0/gems/web-console-2.0.0/lib/action_dispatch/templates/rescues/_web_console.html.erb (0.9ms)
  Rendered /home/csvm/.rvm/gems/ruby-2.2.0/gems/web-console-2.0.0/lib/action_dispatch/templates/rescues/template_error.html.erb within rescues/layout (42.4ms)


Started GET "/" for 127.0.0.1 at 2015-04-01 19:43:29 -0400
Processing by CoursesController#index as HTML
  [1m[35mCourse Load (0.9ms)[0m  SELECT "courses".* FROM "courses"  ORDER BY name
SQLite3::SQLException: no such column: name: SELECT "courses".* FROM "courses"  ORDER BY name
  Rendered courses/index.html.haml (9.2ms)
Completed 500 Internal Server Error in 15ms

ActionView::Template::Error (SQLite3::SQLException: no such column: name: SELECT "courses".* FROM "courses"  ORDER BY name):
    17:       %th Restrictions
    18:       %th Pre-Reqs
    19:       %th Notes
    20:     -@courses.each do |p|
    21:       %tr
    22:         %td= p.crn
    23:         %td= link_to "#{p.course_name}", course_path(p)
  app/views/courses/index.html.haml:20:in `_app_views_courses_index_html_haml__462229408_86907440'


  Rendered /home/csvm/.rvm/gems/ruby-2.2.0/gems/web-console-2.0.0/lib/action_dispatch/templates/rescues/_source.erb (9.6ms)
  Rendered /home/csvm/.rvm/gems/ruby-2.2.0/gems/web-console-2.0.0/lib/action_dispatch/templates/rescues/_trace.html.erb (9.8ms)
  Rendered /home/csvm/.rvm/gems/ruby-2.2.0/gems/web-console-2.0.0/lib/action_dispatch/templates/rescues/_request_and_response.html.erb (1.5ms)
  Rendered /home/csvm/.rvm/gems/ruby-2.2.0/gems/web-console-2.0.0/lib/action_dispatch/templates/rescues/_web_console.html.erb (1.3ms)
  Rendered /home/csvm/.rvm/gems/ruby-2.2.0/gems/web-console-2.0.0/lib/action_dispatch/templates/rescues/template_error.html.erb within rescues/layout (48.2ms)
  [1m[36mActiveRecord::SchemaMigration Load (0.1ms)[0m  [1mSELECT "schema_migrations".* FROM "schema_migrations"[0m
  [1m[35mActiveRecord::SchemaMigration Load (0.1ms)[0m  SELECT "schema_migrations".* FROM "schema_migrations"
  [1m[36m (5.0ms)[0m  [1mCREATE TABLE "courses" ("id" INTEGER PRIMARY KEY AUTOINCREMENT NOT NULL, "created_at" datetime NOT NULL, "updated_at" datetime NOT NULL) [0m
  [1m[35m (3.2ms)[0m  CREATE TABLE "schema_migrations" ("version" varchar NOT NULL) 
  [1m[36m (0.1ms)[0m  [1mselect sqlite_version(*)[0m
  [1m[35m (3.2ms)[0m  CREATE UNIQUE INDEX "unique_schema_migrations" ON "schema_migrations" ("version")
  [1m[36m (0.1ms)[0m  [1mSELECT version FROM "schema_migrations"[0m
  [1m[35m (2.6ms)[0m  INSERT INTO "schema_migrations" (version) VALUES ('20150401204517')


Started GET "/" for 127.0.0.1 at 2015-04-01 19:52:17 -0400
Processing by CoursesController#index as HTML
  [1m[36mCourse Load (0.8ms)[0m  [1mSELECT "courses".* FROM "courses"  ORDER BY name[0m
SQLite3::SQLException: no such column: name: SELECT "courses".* FROM "courses"  ORDER BY name
  Rendered courses/index.html.haml (8.6ms)
Completed 500 Internal Server Error in 21ms

ActionView::Template::Error (SQLite3::SQLException: no such column: name: SELECT "courses".* FROM "courses"  ORDER BY name):
    17:       %th Restrictions
    18:       %th Pre-Reqs
    19:       %th Notes
    20:     -@courses.each do |c|
    21:       %tr
    22:         %td= c.crn
    23:         %td= link_to "#{c.course_name}", course_path(c)
  app/views/courses/index.html.haml:20:in `_app_views_courses_index_html_haml__462229408__625099148'


  Rendered /home/csvm/.rvm/gems/ruby-2.2.0/gems/web-console-2.0.0/lib/action_dispatch/templates/rescues/_source.erb (11.8ms)
  Rendered /home/csvm/.rvm/gems/ruby-2.2.0/gems/web-console-2.0.0/lib/action_dispatch/templates/rescues/_trace.html.erb (5.9ms)
  Rendered /home/csvm/.rvm/gems/ruby-2.2.0/gems/web-console-2.0.0/lib/action_dispatch/templates/rescues/_request_and_response.html.erb (1.1ms)
  Rendered /home/csvm/.rvm/gems/ruby-2.2.0/gems/web-console-2.0.0/lib/action_dispatch/templates/rescues/_web_console.html.erb (3.1ms)
  Rendered /home/csvm/.rvm/gems/ruby-2.2.0/gems/web-console-2.0.0/lib/action_dispatch/templates/rescues/template_error.html.erb within rescues/layout (49.4ms)
  [1m[36mActiveRecord::SchemaMigration Load (0.2ms)[0m  [1mSELECT "schema_migrations".* FROM "schema_migrations"[0m
Migrating to CreateStudents (20150402220940)
  [1m[35m (0.1ms)[0m  begin transaction
  [1m[36m (1.2ms)[0m  [1mrollback transaction[0m
  [1m[36mActiveRecord::SchemaMigration Load (0.2ms)[0m  [1mSELECT "schema_migrations".* FROM "schema_migrations"[0m
  [1m[36m (23.1ms)[0m  [1mCREATE TABLE "courses" ("id" INTEGER PRIMARY KEY AUTOINCREMENT NOT NULL, "created_at" datetime NOT NULL, "updated_at" datetime NOT NULL) [0m
  [1m[35m (20.3ms)[0m  CREATE TABLE "schema_migrations" ("version" varchar NOT NULL) 
  [1m[36m (0.1ms)[0m  [1mselect sqlite_version(*)[0m
  [1m[35m (10.1ms)[0m  CREATE UNIQUE INDEX "unique_schema_migrations" ON "schema_migrations" ("version")
  [1m[36m (0.1ms)[0m  [1mSELECT version FROM "schema_migrations"[0m
  [1m[35m (5.6ms)[0m  INSERT INTO "schema_migrations" (version) VALUES ('20150401204517')


Started GET "/" for 127.0.0.1 at 2015-04-02 18:18:19 -0400
  [1m[36mActiveRecord::SchemaMigration Load (0.2ms)[0m  [1mSELECT "schema_migrations".* FROM "schema_migrations"[0m

ActiveRecord::PendingMigrationError (

Migrations are pending. To resolve this issue, run:

	bin/rake db:migrate RAILS_ENV=development

):
  activerecord (4.2.0) lib/active_record/migration.rb:393:in `check_pending!'
  activerecord (4.2.0) lib/active_record/migration.rb:374:in `call'
  actionpack (4.2.0) lib/action_dispatch/middleware/callbacks.rb:29:in `block in call'
  activesupport (4.2.0) lib/active_support/callbacks.rb:88:in `call'
  activesupport (4.2.0) lib/active_support/callbacks.rb:88:in `_run_callbacks'
  activesupport (4.2.0) lib/active_support/callbacks.rb:734:in `_run_call_callbacks'
  activesupport (4.2.0) lib/active_support/callbacks.rb:81:in `run_callbacks'
  actionpack (4.2.0) lib/action_dispatch/middleware/callbacks.rb:27:in `call'
  actionpack (4.2.0) lib/action_dispatch/middleware/reloader.rb:73:in `call'
  actionpack (4.2.0) lib/action_dispatch/middleware/remote_ip.rb:78:in `call'
  web-console (2.0.0) lib/action_dispatch/debug_exceptions.rb:18:in `middleware_call'
  web-console (2.0.0) lib/action_dispatch/debug_exceptions.rb:13:in `call'
  actionpack (4.2.0) lib/action_dispatch/middleware/show_exceptions.rb:30:in `call'
  railties (4.2.0) lib/rails/rack/logger.rb:38:in `call_app'
  railties (4.2.0) lib/rails/rack/logger.rb:20:in `block in call'
  activesupport (4.2.0) lib/active_support/tagged_logging.rb:68:in `block in tagged'
  activesupport (4.2.0) lib/active_support/tagged_logging.rb:26:in `tagged'
  activesupport (4.2.0) lib/active_support/tagged_logging.rb:68:in `tagged'
  railties (4.2.0) lib/rails/rack/logger.rb:20:in `call'
  actionpack (4.2.0) lib/action_dispatch/middleware/request_id.rb:21:in `call'
  rack (1.6.0) lib/rack/methodoverride.rb:22:in `call'
  rack (1.6.0) lib/rack/runtime.rb:18:in `call'
  activesupport (4.2.0) lib/active_support/cache/strategy/local_cache_middleware.rb:28:in `call'
  rack (1.6.0) lib/rack/lock.rb:17:in `call'
  actionpack (4.2.0) lib/action_dispatch/middleware/static.rb:113:in `call'
  rack (1.6.0) lib/rack/sendfile.rb:113:in `call'
  railties (4.2.0) lib/rails/engine.rb:518:in `call'
  railties (4.2.0) lib/rails/application.rb:164:in `call'
  rack (1.6.0) lib/rack/lock.rb:17:in `call'
  rack (1.6.0) lib/rack/content_length.rb:15:in `call'
  rack (1.6.0) lib/rack/handler/webrick.rb:89:in `service'
  /home/csvm/.rvm/rubies/ruby-2.2.0/lib/ruby/2.2.0/webrick/httpserver.rb:138:in `service'
  /home/csvm/.rvm/rubies/ruby-2.2.0/lib/ruby/2.2.0/webrick/httpserver.rb:94:in `run'
  /home/csvm/.rvm/rubies/ruby-2.2.0/lib/ruby/2.2.0/webrick/server.rb:294:in `block in start_thread'


  Rendered /home/csvm/.rvm/gems/ruby-2.2.0/gems/web-console-2.0.0/lib/action_dispatch/templates/rescues/_source.erb (145.5ms)
  Rendered /home/csvm/.rvm/gems/ruby-2.2.0/gems/web-console-2.0.0/lib/action_dispatch/templates/rescues/_trace.html.erb (128.4ms)
  Rendered /home/csvm/.rvm/gems/ruby-2.2.0/gems/web-console-2.0.0/lib/action_dispatch/templates/rescues/_request_and_response.html.erb (13.5ms)
  Rendered /home/csvm/.rvm/gems/ruby-2.2.0/gems/web-console-2.0.0/lib/action_dispatch/templates/rescues/_web_console.html.erb (38.8ms)
  Rendered /home/csvm/.rvm/gems/ruby-2.2.0/gems/web-console-2.0.0/lib/action_dispatch/templates/rescues/diagnostics.html.erb within rescues/layout (1002.9ms)
  [1m[36m (11.4ms)[0m  [1mCREATE TABLE "schema_migrations" ("version" varchar NOT NULL) [0m
  [1m[35m (0.2ms)[0m  select sqlite_version(*)
  [1m[36m (13.5ms)[0m  [1mCREATE UNIQUE INDEX "unique_schema_migrations" ON "schema_migrations" ("version")[0m
  [1m[35mActiveRecord::SchemaMigration Load (0.1ms)[0m  SELECT "schema_migrations".* FROM "schema_migrations"
Migrating to CreateCourses (20150401204517)
  [1m[36m (0.3ms)[0m  [1mbegin transaction[0m
  [1m[35m (0.8ms)[0m  CREATE TABLE "courses" ("id" INTEGER PRIMARY KEY AUTOINCREMENT NOT NULL, "crn" integer, "course_name" varchar, "title" text, "instructor" varchar, "days" varchar, "starts" integer, "ends" integer, "building_room" varchar, "credits" decimal(2,2), "coreq" varchar, "crosslist" varchar, "restrictions" text, "prereq" varchar, "notes" text, "created_at" datetime NOT NULL, "updated_at" datetime NOT NULL) 
  [1m[36mSQL (0.3ms)[0m  [1mINSERT INTO "schema_migrations" ("version") VALUES (?)[0m  [["version", "20150401204517"]]
  [1m[35m (19.7ms)[0m  commit transaction
Migrating to CreateStudents (20150402220940)
  [1m[36m (0.1ms)[0m  [1mbegin transaction[0m
  [1m[35m (0.0ms)[0m  rollback transaction


Started GET "/" for 127.0.0.1 at 2015-04-02 19:45:28 -0400
  [1m[36mActiveRecord::SchemaMigration Load (0.2ms)[0m  [1mSELECT "schema_migrations".* FROM "schema_migrations"[0m

ActiveRecord::PendingMigrationError (

Migrations are pending. To resolve this issue, run:

	bin/rake db:migrate RAILS_ENV=development

):
  activerecord (4.2.0) lib/active_record/migration.rb:393:in `check_pending!'
  activerecord (4.2.0) lib/active_record/migration.rb:374:in `call'
  actionpack (4.2.0) lib/action_dispatch/middleware/callbacks.rb:29:in `block in call'
  activesupport (4.2.0) lib/active_support/callbacks.rb:88:in `call'
  activesupport (4.2.0) lib/active_support/callbacks.rb:88:in `_run_callbacks'
  activesupport (4.2.0) lib/active_support/callbacks.rb:734:in `_run_call_callbacks'
  activesupport (4.2.0) lib/active_support/callbacks.rb:81:in `run_callbacks'
  actionpack (4.2.0) lib/action_dispatch/middleware/callbacks.rb:27:in `call'
  actionpack (4.2.0) lib/action_dispatch/middleware/reloader.rb:73:in `call'
  actionpack (4.2.0) lib/action_dispatch/middleware/remote_ip.rb:78:in `call'
  web-console (2.0.0) lib/action_dispatch/debug_exceptions.rb:18:in `middleware_call'
  web-console (2.0.0) lib/action_dispatch/debug_exceptions.rb:13:in `call'
  actionpack (4.2.0) lib/action_dispatch/middleware/show_exceptions.rb:30:in `call'
  railties (4.2.0) lib/rails/rack/logger.rb:38:in `call_app'
  railties (4.2.0) lib/rails/rack/logger.rb:20:in `block in call'
  activesupport (4.2.0) lib/active_support/tagged_logging.rb:68:in `block in tagged'
  activesupport (4.2.0) lib/active_support/tagged_logging.rb:26:in `tagged'
  activesupport (4.2.0) lib/active_support/tagged_logging.rb:68:in `tagged'
  railties (4.2.0) lib/rails/rack/logger.rb:20:in `call'
  actionpack (4.2.0) lib/action_dispatch/middleware/request_id.rb:21:in `call'
  rack (1.6.0) lib/rack/methodoverride.rb:22:in `call'
  rack (1.6.0) lib/rack/runtime.rb:18:in `call'
  activesupport (4.2.0) lib/active_support/cache/strategy/local_cache_middleware.rb:28:in `call'
  rack (1.6.0) lib/rack/lock.rb:17:in `call'
  actionpack (4.2.0) lib/action_dispatch/middleware/static.rb:113:in `call'
  rack (1.6.0) lib/rack/sendfile.rb:113:in `call'
  railties (4.2.0) lib/rails/engine.rb:518:in `call'
  railties (4.2.0) lib/rails/application.rb:164:in `call'
  rack (1.6.0) lib/rack/lock.rb:17:in `call'
  rack (1.6.0) lib/rack/content_length.rb:15:in `call'
  rack (1.6.0) lib/rack/handler/webrick.rb:89:in `service'
  /home/csvm/.rvm/rubies/ruby-2.2.0/lib/ruby/2.2.0/webrick/httpserver.rb:138:in `service'
  /home/csvm/.rvm/rubies/ruby-2.2.0/lib/ruby/2.2.0/webrick/httpserver.rb:94:in `run'
  /home/csvm/.rvm/rubies/ruby-2.2.0/lib/ruby/2.2.0/webrick/server.rb:294:in `block in start_thread'


  Rendered /home/csvm/.rvm/gems/ruby-2.2.0/gems/web-console-2.0.0/lib/action_dispatch/templates/rescues/_source.erb (13.9ms)
  Rendered /home/csvm/.rvm/gems/ruby-2.2.0/gems/web-console-2.0.0/lib/action_dispatch/templates/rescues/_trace.html.erb (5.2ms)
  Rendered /home/csvm/.rvm/gems/ruby-2.2.0/gems/web-console-2.0.0/lib/action_dispatch/templates/rescues/_request_and_response.html.erb (4.3ms)
  Rendered /home/csvm/.rvm/gems/ruby-2.2.0/gems/web-console-2.0.0/lib/action_dispatch/templates/rescues/_web_console.html.erb (5.2ms)
  Rendered /home/csvm/.rvm/gems/ruby-2.2.0/gems/web-console-2.0.0/lib/action_dispatch/templates/rescues/diagnostics.html.erb within rescues/layout (132.8ms)
